<?xml version="1.0" encoding="UTF-8"?>
<!-- Generated by org.testng.reporters.JUnitXMLReporter -->
<testsuite hostname="IZDT-214" ignored="0" name="Test" tests="3" failures="2" timestamp="2019-12-10T12:20:43 IST" time="91.576" errors="0">
  <testcase name="scLogin" time="8.84" classname="com.sc.modules.Marketing.Articles"/>
  <testcase name="selectDealer" time="63.163" classname="com.sc.modules.Marketing.Articles">
    <failure type="java.lang.NullPointerException">
      <![CDATA[java.lang.NullPointerException
at com.sc.modules.Marketing.Articles.selectDealer(Articles.java:76)
at java.util.ArrayList.forEach(Unknown Source)
... Removed 31 stack frames]]>
    </failure>
  </testcase> <!-- selectDealer -->
  <testcase name="scLogin" time="19.538" classname="com.sc.modules.Marketing.pressRelease">
    <failure type="java.lang.NullPointerException">
      <![CDATA[java.lang.NullPointerException
at com.sc.modules.Marketing.pressRelease.scLogin(pressRelease.java:60)
at java.util.ArrayList.forEach(Unknown Source)
... Removed 31 stack frames]]>
    </failure>
  </testcase> <!-- scLogin -->
</testsuite> <!-- Test -->
